# JRE version: OpenJDK Runtime Environment (8.0_212-b04) (build 1.8.0_212-release-1586-b04)
# Java VM: OpenJDK 64-Bit Server VM (25.212-b04 mixed mode windows-amd64 compressed oops)
Heap:
 PSYoungGen      total 157184K, used 150409K [0x00000000e0000000, 0x00000000eb400000, 0x0000000100000000)
  eden space 144384K, 95% used [0x00000000e0000000,0x00000000e8665b68,0x00000000e8d00000)
  from space 12800K, 99% used [0x00000000ea780000,0x00000000eb3fc900,0x00000000eb400000)
  to   space 15360K, 0% used [0x00000000e9600000,0x00000000e9600000,0x00000000ea500000)
 ParOldGen       total 86528K, used 21769K [0x00000000a0000000, 0x00000000a5480000, 0x00000000e0000000)
  object space 86528K, 25% used [0x00000000a0000000,0x00000000a1542690,0x00000000a5480000)
 Metaspace       used 55521K, capacity 57320K, committed 57648K, reserved 1099776K
  class space    used 7664K, capacity 8136K, committed 8240K, reserved 1048576K
GC Heap History (10 events):
Event: 3.710 GC heap before
{Heap before GC invocations=8 (full 1):
 PSYoungGen      total 77824K, used 66560K [0x00000000e0000000, 0x00000000e5700000, 0x0000000100000000)
  eden space 66560K, 100% used [0x00000000e0000000,0x00000000e4100000,0x00000000e4100000)
  from space 11264K, 0% used [0x00000000e4c00000,0x00000000e4c00000,0x00000000e5700000)
  to   space 11264K, 0% used [0x00000000e4100000,0x00000000e4100000,0x00000000e4c00000)
 ParOldGen       total 55296K, used 7967K [0x00000000a0000000, 0x00000000a3600000, 0x00000000e0000000)
  object space 55296K, 14% used [0x00000000a0000000,0x00000000a07c7c70,0x00000000a3600000)
 Metaspace       used 26784K, capacity 27288K, committed 27568K, reserved 1073152K
  class space    used 3738K, capacity 3901K, committed 4016K, reserved 1048576K
Event: 3.717 GC heap after
Heap after GC invocations=8 (full 1):
 PSYoungGen      total 77824K, used 6337K [0x00000000e0000000, 0x00000000e8400000, 0x0000000100000000)
  eden space 66560K, 0% used [0x00000000e0000000,0x00000000e0000000,0x00000000e4100000)
  from space 11264K, 56% used [0x00000000e4100000,0x00000000e4730598,0x00000000e4c00000)
  to   space 10752K, 0% used [0x00000000e7980000,0x00000000e7980000,0x00000000e8400000)
 ParOldGen       total 55296K, used 7975K [0x00000000a0000000, 0x00000000a3600000, 0x00000000e0000000)
  object space 55296K, 14% used [0x00000000a0000000,0x00000000a07c9c70,0x00000000a3600000)
 Metaspace       used 26784K, capacity 27288K, committed 27568K, reserved 1073152K
  class space    used 3738K, capacity 3901K, committed 4016K, reserved 1048576K
}
Event: 4.607 GC heap before
{Heap before GC invocations=9 (full 1):
 PSYoungGen      total 77824K, used 72897K [0x00000000e0000000, 0x00000000e8400000, 0x0000000100000000)
  eden space 66560K, 100% used [0x00000000e0000000,0x00000000e4100000,0x00000000e4100000)
  from space 11264K, 56% used [0x00000000e4100000,0x00000000e4730598,0x00000000e4c00000)
  to   space 10752K, 0% used [0x00000000e7980000,0x00000000e7980000,0x00000000e8400000)
 ParOldGen       total 55296K, used 7975K [0x00000000a0000000, 0x00000000a3600000, 0x00000000e0000000)
  object space 55296K, 14% used [0x00000000a0000000,0x00000000a07c9c70,0x00000000a3600000)
 Metaspace       used 30846K, capacity 31484K, committed 31664K, reserved 1077248K
  class space    used 4290K, capacity 4502K, committed 4528K, reserved 1048576K
Event: 4.628 GC heap after
Heap after GC invocations=9 (full 1):
 PSYoungGen      total 123392K, used 9654K [0x00000000e0000000, 0x00000000e8400000, 0x0000000100000000)
  eden space 112640K, 0% used [0x00000000e0000000,0x00000000e0000000,0x00000000e6e00000)
  from space 10752K, 89% used [0x00000000e7980000,0x00000000e82edb08,0x00000000e8400000)
  to   space 11264K, 0% used [0x00000000e6e00000,0x00000000e6e00000,0x00000000e7900000)
 ParOldGen       total 55296K, used 7975K [0x00000000a0000000, 0x00000000a3600000, 0x00000000e0000000)
  object space 55296K, 14% used [0x00000000a0000000,0x00000000a07c9c70,0x00000000a3600000)
 Metaspace       used 30846K, capacity 31484K, committed 31664K, reserved 1077248K
  class space    used 4290K, capacity 4502K, committed 4528K, reserved 1048576K
}
Event: 5.430 GC heap before
{Heap before GC invocations=10 (full 1):
 PSYoungGen      total 123392K, used 66081K [0x00000000e0000000, 0x00000000e8400000, 0x0000000100000000)
  eden space 112640K, 50% used [0x00000000e0000000,0x00000000e371aca0,0x00000000e6e00000)
  from space 10752K, 89% used [0x00000000e7980000,0x00000000e82edb08,0x00000000e8400000)
  to   space 11264K, 0% used [0x00000000e6e00000,0x00000000e6e00000,0x00000000e7900000)
 ParOldGen       total 55296K, used 7975K [0x00000000a0000000, 0x00000000a3600000, 0x00000000e0000000)
  object space 55296K, 14% used [0x00000000a0000000,0x00000000a07c9c70,0x00000000a3600000)
 Metaspace       used 34678K, capacity 35404K, committed 35496K, reserved 1079296K
  class space    used 4849K, capacity 5127K, committed 5168K, reserved 1048576K
Event: 5.447 GC heap after
Heap after GC invocations=10 (full 1):
 PSYoungGen      total 123904K, used 11251K [0x00000000e0000000, 0x00000000eb400000, 0x0000000100000000)
  eden space 112640K, 0% used [0x00000000e0000000,0x00000000e0000000,0x00000000e6e00000)
  from space 11264K, 99% used [0x00000000e6e00000,0x00000000e78fcd48,0x00000000e7900000)
  to   space 12800K, 0% used [0x00000000ea780000,0x00000000ea780000,0x00000000eb400000)
 ParOldGen       total 55296K, used 8641K [0x00000000a0000000, 0x00000000a3600000, 0x00000000e0000000)
  object space 55296K, 15% used [0x00000000a0000000,0x00000000a0870628,0x00000000a3600000)
 Metaspace       used 34678K, capacity 35404K, committed 35496K, reserved 1079296K
  class space    used 4849K, capacity 5127K, committed 5168K, reserved 1048576K
}
Event: 5.447 GC heap before
{Heap before GC invocations=11 (full 2):
 PSYoungGen      total 123904K, used 11251K [0x00000000e0000000, 0x00000000eb400000, 0x0000000100000000)
  eden space 112640K, 0% used [0x00000000e0000000,0x00000000e0000000,0x00000000e6e00000)
  from space 11264K, 99% used [0x00000000e6e00000,0x00000000e78fcd48,0x00000000e7900000)
  to   space 12800K, 0% used [0x00000000ea780000,0x00000000ea780000,0x00000000eb400000)
 ParOldGen       total 55296K, used 8641K [0x00000000a0000000, 0x00000000a3600000, 0x00000000e0000000)
  object space 55296K, 15% used [0x00000000a0000000,0x00000000a0870628,0x00000000a3600000)
 Metaspace       used 34678K, capacity 35404K, committed 35496K, reserved 1079296K
  class space    used 4849K, capacity 5127K, committed 5168K, reserved 1048576K
Event: 5.532 GC heap after
Heap after GC invocations=11 (full 2):
 PSYoungGen      total 123904K, used 0K [0x00000000e0000000, 0x00000000eb400000, 0x0000000100000000)
  eden space 112640K, 0% used [0x00000000e0000000,0x00000000e0000000,0x00000000e6e00000)
  from space 11264K, 0% used [0x00000000e6e00000,0x00000000e6e00000,0x00000000e7900000)
  to   space 12800K, 0% used [0x00000000ea780000,0x00000000ea780000,0x00000000eb400000)
 ParOldGen       total 86528K, used 19129K [0x00000000a0000000, 0x00000000a5480000, 0x00000000e0000000)
  object space 86528K, 22% used [0x00000000a0000000,0x00000000a12ae580,0x00000000a5480000)
 Metaspace       used 34678K, capacity 35404K, committed 35496K, reserved 1079296K
  class space    used 4849K, capacity 5127K, committed 5168K, reserved 1048576K
}
Event: 7.317 GC heap before
{Heap before GC invocations=12 (full 2):
 PSYoungGen      total 123904K, used 112640K [0x00000000e0000000, 0x00000000eb400000, 0x0000000100000000)
  eden space 112640K, 100% used [0x00000000e0000000,0x00000000e6e00000,0x00000000e6e00000)
  from space 11264K, 0% used [0x00000000e6e00000,0x00000000e6e00000,0x00000000e7900000)
  to   space 12800K, 0% used [0x00000000ea780000,0x00000000ea780000,0x00000000eb400000)
 ParOldGen       total 86528K, used 19129K [0x00000000a0000000, 0x00000000a5480000, 0x00000000e0000000)
  object space 86528K, 22% used [0x00000000a0000000,0x00000000a12ae580,0x00000000a5480000)
 Metaspace       used 44318K, capacity 45398K, committed 45616K, reserved 1089536K
  class space    used 6023K, capacity 6351K, committed 6448K, reserved 1048576K
Event: 7.331 GC heap after
Heap after GC invocations=12 (full 2):
 PSYoungGen      total 157184K, used 12786K [0x00000000e0000000, 0x00000000eb400000, 0x0000000100000000)
  eden space 144384K, 0% used [0x00000000e0000000,0x00000000e0000000,0x00000000e8d00000)
  from space 12800K, 99% used [0x00000000ea780000,0x00000000eb3fc900,0x00000000eb400000)
  to   space 15360K, 0% used [0x00000000e9600000,0x00000000e9600000,0x00000000ea500000)
 ParOldGen       total 86528K, used 21769K [0x00000000a0000000, 0x00000000a5480000, 0x00000000e0000000)
  object space 86528K, 25% used [0x00000000a0000000,0x00000000a1542690,0x00000000a5480000)
 Metaspace       used 44318K, capacity 45398K, committed 45616K, reserved 1089536K
  class space    used 6023K, capacity 6351K, committed 6448K, reserved 1048576K
}

