# JRE version: OpenJDK Runtime Environment (8.0_212-b04) (build 1.8.0_212-release-1586-b04)
# Java VM: OpenJDK 64-Bit Server VM (25.212-b04 mixed mode windows-amd64 compressed oops)
Heap:
 PSYoungGen      total 215040K, used 38656K [0x00000000e0000000, 0x00000000ef880000, 0x0000000100000000)
  eden space 198144K, 19% used [0x00000000e0000000,0x00000000e25c0228,0x00000000ec180000)
  from space 16896K, 0% used [0x00000000ed280000,0x00000000ed280000,0x00000000ee300000)
  to   space 17408K, 0% used [0x00000000ec180000,0x00000000ec180000,0x00000000ed280000)
 ParOldGen       total 82432K, used 34650K [0x00000000a0000000, 0x00000000a5080000, 0x00000000e0000000)
  object space 82432K, 42% used [0x00000000a0000000,0x00000000a21d6b98,0x00000000a5080000)
 Metaspace       used 58226K, capacity 60176K, committed 60312K, reserved 1101824K
  class space    used 8039K, capacity 8555K, committed 8600K, reserved 1048576K
GC Heap History (10 events):
Event: 6.801 GC heap before
{Heap before GC invocations=11 (full 2):
 PSYoungGen      total 128000K, used 11254K [0x00000000e0000000, 0x00000000ebd00000, 0x0000000100000000)
  eden space 116736K, 0% used [0x00000000e0000000,0x00000000e0000000,0x00000000e7200000)
  from space 11264K, 99% used [0x00000000e7200000,0x00000000e7cfd9f8,0x00000000e7d00000)
  to   space 12800K, 0% used [0x00000000eb080000,0x00000000eb080000,0x00000000ebd00000)
 ParOldGen       total 53760K, used 8685K [0x00000000a0000000, 0x00000000a3480000, 0x00000000e0000000)
  object space 53760K, 16% used [0x00000000a0000000,0x00000000a087b468,0x00000000a3480000)
 Metaspace       used 34694K, capacity 35404K, committed 35496K, reserved 1079296K
  class space    used 4852K, capacity 5127K, committed 5168K, reserved 1048576K
Event: 6.873 GC heap after
Heap after GC invocations=11 (full 2):
 PSYoungGen      total 128000K, used 0K [0x00000000e0000000, 0x00000000ebd00000, 0x0000000100000000)
  eden space 116736K, 0% used [0x00000000e0000000,0x00000000e0000000,0x00000000e7200000)
  from space 11264K, 0% used [0x00000000e7200000,0x00000000e7200000,0x00000000e7d00000)
  to   space 12800K, 0% used [0x00000000eb080000,0x00000000eb080000,0x00000000ebd00000)
 ParOldGen       total 82432K, used 19130K [0x00000000a0000000, 0x00000000a5080000, 0x00000000e0000000)
  object space 82432K, 23% used [0x00000000a0000000,0x00000000a12aea70,0x00000000a5080000)
 Metaspace       used 34694K, capacity 35404K, committed 35496K, reserved 1079296K
  class space    used 4852K, capacity 5127K, committed 5168K, reserved 1048576K
}
Event: 8.337 GC heap before
{Heap before GC invocations=12 (full 2):
 PSYoungGen      total 128000K, used 116736K [0x00000000e0000000, 0x00000000ebd00000, 0x0000000100000000)
  eden space 116736K, 100% used [0x00000000e0000000,0x00000000e7200000,0x00000000e7200000)
  from space 11264K, 0% used [0x00000000e7200000,0x00000000e7200000,0x00000000e7d00000)
  to   space 12800K, 0% used [0x00000000eb080000,0x00000000eb080000,0x00000000ebd00000)
 ParOldGen       total 82432K, used 19130K [0x00000000a0000000, 0x00000000a5080000, 0x00000000e0000000)
  object space 82432K, 23% used [0x00000000a0000000,0x00000000a12aea70,0x00000000a5080000)
 Metaspace       used 44745K, capacity 45778K, committed 45872K, reserved 1089536K
  class space    used 6102K, capacity 6415K, committed 6448K, reserved 1048576K
Event: 8.357 GC heap after
Heap after GC invocations=12 (full 2):
 PSYoungGen      total 166400K, used 12787K [0x00000000e0000000, 0x00000000ebd00000, 0x0000000100000000)
  eden space 153600K, 0% used [0x00000000e0000000,0x00000000e0000000,0x00000000e9600000)
  from space 12800K, 99% used [0x00000000eb080000,0x00000000ebcfce38,0x00000000ebd00000)
  to   space 15360K, 0% used [0x00000000e9f00000,0x00000000e9f00000,0x00000000eae00000)
 ParOldGen       total 82432K, used 22317K [0x00000000a0000000, 0x00000000a5080000, 0x00000000e0000000)
  object space 82432K, 27% used [0x00000000a0000000,0x00000000a15cb4f0,0x00000000a5080000)
 Metaspace       used 44745K, capacity 45778K, committed 45872K, reserved 1089536K
  class space    used 6102K, capacity 6415K, committed 6448K, reserved 1048576K
}
Event: 10.413 GC heap before
{Heap before GC invocations=13 (full 2):
 PSYoungGen      total 166400K, used 166387K [0x00000000e0000000, 0x00000000ebd00000, 0x0000000100000000)
  eden space 153600K, 100% used [0x00000000e0000000,0x00000000e9600000,0x00000000e9600000)
  from space 12800K, 99% used [0x00000000eb080000,0x00000000ebcfce38,0x00000000ebd00000)
  to   space 15360K, 0% used [0x00000000e9f00000,0x00000000e9f00000,0x00000000eae00000)
 ParOldGen       total 82432K, used 22317K [0x00000000a0000000, 0x00000000a5080000, 0x00000000e0000000)
  object space 82432K, 27% used [0x00000000a0000000,0x00000000a15cb4f0,0x00000000a5080000)
 Metaspace       used 56395K, capacity 58322K, committed 58544K, reserved 1099776K
  class space    used 7812K, capacity 8297K, committed 8368K, reserved 1048576K
Event: 10.435 GC heap after
Heap after GC invocations=13 (full 2):
 PSYoungGen      total 178176K, used 14260K [0x00000000e0000000, 0x00000000ee300000, 0x0000000100000000)
  eden space 162816K, 0% used [0x00000000e0000000,0x00000000e0000000,0x00000000e9f00000)
  from space 15360K, 92% used [0x00000000e9f00000,0x00000000eaced320,0x00000000eae00000)
  to   space 16896K, 0% used [0x00000000ed280000,0x00000000ed280000,0x00000000ee300000)
 ParOldGen       total 82432K, used 31117K [0x00000000a0000000, 0x00000000a5080000, 0x00000000e0000000)
  object space 82432K, 37% used [0x00000000a0000000,0x00000000a1e636e8,0x00000000a5080000)
 Metaspace       used 56395K, capacity 58322K, committed 58544K, reserved 1099776K
  class space    used 7812K, capacity 8297K, committed 8368K, reserved 1048576K
}
Event: 10.701 GC heap before
{Heap before GC invocations=14 (full 2):
 PSYoungGen      total 178176K, used 29693K [0x00000000e0000000, 0x00000000ee300000, 0x0000000100000000)
  eden space 162816K, 9% used [0x00000000e0000000,0x00000000e0f12430,0x00000000e9f00000)
  from space 15360K, 92% used [0x00000000e9f00000,0x00000000eaced320,0x00000000eae00000)
  to   space 16896K, 0% used [0x00000000ed280000,0x00000000ed280000,0x00000000ee300000)
 ParOldGen       total 82432K, used 31117K [0x00000000a0000000, 0x00000000a5080000, 0x00000000e0000000)
  object space 82432K, 37% used [0x00000000a0000000,0x00000000a1e636e8,0x00000000a5080000)
 Metaspace       used 57113K, capacity 58996K, committed 59160K, reserved 1099776K
  class space    used 7903K, capacity 8374K, committed 8472K, reserved 1048576K
Event: 10.717 GC heap after
Heap after GC invocations=14 (full 2):
 PSYoungGen      total 215040K, used 1812K [0x00000000e0000000, 0x00000000ef880000, 0x0000000100000000)
  eden space 198144K, 0% used [0x00000000e0000000,0x00000000e0000000,0x00000000ec180000)
  from space 16896K, 10% used [0x00000000ed280000,0x00000000ed4450e0,0x00000000ee300000)
  to   space 17408K, 0% used [0x00000000ec180000,0x00000000ec180000,0x00000000ed280000)
 ParOldGen       total 82432K, used 39028K [0x00000000a0000000, 0x00000000a5080000, 0x00000000e0000000)
  object space 82432K, 47% used [0x00000000a0000000,0x00000000a261d1a0,0x00000000a5080000)
 Metaspace       used 57113K, capacity 58996K, committed 59160K, reserved 1099776K
  class space    used 7903K, capacity 8374K, committed 8472K, reserved 1048576K
}
Event: 10.717 GC heap before
{Heap before GC invocations=15 (full 3):
 PSYoungGen      total 215040K, used 1812K [0x00000000e0000000, 0x00000000ef880000, 0x0000000100000000)
  eden space 198144K, 0% used [0x00000000e0000000,0x00000000e0000000,0x00000000ec180000)
  from space 16896K, 10% used [0x00000000ed280000,0x00000000ed4450e0,0x00000000ee300000)
  to   space 17408K, 0% used [0x00000000ec180000,0x00000000ec180000,0x00000000ed280000)
 ParOldGen       total 82432K, used 39028K [0x00000000a0000000, 0x00000000a5080000, 0x00000000e0000000)
  object space 82432K, 47% used [0x00000000a0000000,0x00000000a261d1a0,0x00000000a5080000)
 Metaspace       used 57113K, capacity 58996K, committed 59160K, reserved 1099776K
  class space    used 7903K, capacity 8374K, committed 8472K, reserved 1048576K
Event: 10.915 GC heap after
Heap after GC invocations=15 (full 3):
 PSYoungGen      total 215040K, used 0K [0x00000000e0000000, 0x00000000ef880000, 0x0000000100000000)
  eden space 198144K, 0% used [0x00000000e0000000,0x00000000e0000000,0x00000000ec180000)
  from space 16896K, 0% used [0x00000000ed280000,0x00000000ed280000,0x00000000ee300000)
  to   space 17408K, 0% used [0x00000000ec180000,0x00000000ec180000,0x00000000ed280000)
 ParOldGen       total 82432K, used 34650K [0x00000000a0000000, 0x00000000a5080000, 0x00000000e0000000)
  object space 82432K, 42% used [0x00000000a0000000,0x00000000a21d6b98,0x00000000a5080000)
 Metaspace       used 57113K, capacity 58996K, committed 59160K, reserved 1099776K
  class space    used 7903K, capacity 8374K, committed 8472K, reserved 1048576K
}

