# JRE version: OpenJDK Runtime Environment (8.0_212-b04) (build 1.8.0_212-release-1586-b04)
# Java VM: OpenJDK 64-Bit Server VM (25.212-b04 mixed mode windows-amd64 compressed oops)
Heap:
 PSYoungGen      total 169984K, used 29358K [0x00000000e0000000, 0x00000000eb500000, 0x0000000100000000)
  eden space 154624K, 9% used [0x00000000e0000000,0x00000000e0e59688,0x00000000e9700000)
  from space 15360K, 95% used [0x00000000e9700000,0x00000000ea552560,0x00000000ea600000)
  to   space 12800K, 0% used [0x00000000ea880000,0x00000000ea880000,0x00000000eb500000)
 ParOldGen       total 82432K, used 30453K [0x00000000a0000000, 0x00000000a5080000, 0x00000000e0000000)
  object space 82432K, 36% used [0x00000000a0000000,0x00000000a1dbd608,0x00000000a5080000)
 Metaspace       used 56989K, capacity 58932K, committed 59056K, reserved 1099776K
  class space    used 7872K, capacity 8310K, committed 8368K, reserved 1048576K
GC Heap History (10 events):
Event: 6.343 GC heap before
{Heap before GC invocations=9 (full 1):
 PSYoungGen      total 77312K, used 73032K [0x00000000e0000000, 0x00000000e8380000, 0x0000000100000000)
  eden space 66560K, 100% used [0x00000000e0000000,0x00000000e4100000,0x00000000e4100000)
  from space 10752K, 60% used [0x00000000e4100000,0x00000000e47522f8,0x00000000e4b80000)
  to   space 10240K, 0% used [0x00000000e7980000,0x00000000e7980000,0x00000000e8380000)
 ParOldGen       total 54784K, used 7967K [0x00000000a0000000, 0x00000000a3580000, 0x00000000e0000000)
  object space 54784K, 14% used [0x00000000a0000000,0x00000000a07c7e68,0x00000000a3580000)
 Metaspace       used 30837K, capacity 31484K, committed 31664K, reserved 1077248K
  class space    used 4287K, capacity 4502K, committed 4528K, reserved 1048576K
Event: 6.368 GC heap after
Heap after GC invocations=9 (full 1):
 PSYoungGen      total 123392K, used 9626K [0x00000000e0000000, 0x00000000e8500000, 0x0000000100000000)
  eden space 113152K, 0% used [0x00000000e0000000,0x00000000e0000000,0x00000000e6e80000)
  from space 10240K, 94% used [0x00000000e7980000,0x00000000e82e6950,0x00000000e8380000)
  to   space 11264K, 0% used [0x00000000e6e80000,0x00000000e6e80000,0x00000000e7980000)
 ParOldGen       total 54784K, used 7975K [0x00000000a0000000, 0x00000000a3580000, 0x00000000e0000000)
  object space 54784K, 14% used [0x00000000a0000000,0x00000000a07c9e68,0x00000000a3580000)
 Metaspace       used 30837K, capacity 31484K, committed 31664K, reserved 1077248K
  class space    used 4287K, capacity 4502K, committed 4528K, reserved 1048576K
}
Event: 7.404 GC heap before
{Heap before GC invocations=10 (full 1):
 PSYoungGen      total 123392K, used 64048K [0x00000000e0000000, 0x00000000e8500000, 0x0000000100000000)
  eden space 113152K, 48% used [0x00000000e0000000,0x00000000e3525780,0x00000000e6e80000)
  from space 10240K, 94% used [0x00000000e7980000,0x00000000e82e6950,0x00000000e8380000)
  to   space 11264K, 0% used [0x00000000e6e80000,0x00000000e6e80000,0x00000000e7980000)
 ParOldGen       total 54784K, used 7975K [0x00000000a0000000, 0x00000000a3580000, 0x00000000e0000000)
  object space 54784K, 14% used [0x00000000a0000000,0x00000000a07c9e68,0x00000000a3580000)
 Metaspace       used 34660K, capacity 35404K, committed 35496K, reserved 1079296K
  class space    used 4849K, capacity 5127K, committed 5168K, reserved 1048576K
Event: 7.420 GC heap after
Heap after GC invocations=10 (full 1):
 PSYoungGen      total 124416K, used 11261K [0x00000000e0000000, 0x00000000eb500000, 0x0000000100000000)
  eden space 113152K, 0% used [0x00000000e0000000,0x00000000e0000000,0x00000000e6e80000)
  from space 11264K, 99% used [0x00000000e6e80000,0x00000000e797f660,0x00000000e7980000)
  to   space 12800K, 0% used [0x00000000ea880000,0x00000000ea880000,0x00000000eb500000)
 ParOldGen       total 54784K, used 8674K [0x00000000a0000000, 0x00000000a3580000, 0x00000000e0000000)
  object space 54784K, 15% used [0x00000000a0000000,0x00000000a0878820,0x00000000a3580000)
 Metaspace       used 34660K, capacity 35404K, committed 35496K, reserved 1079296K
  class space    used 4849K, capacity 5127K, committed 5168K, reserved 1048576K
}
Event: 7.420 GC heap before
{Heap before GC invocations=11 (full 2):
 PSYoungGen      total 124416K, used 11261K [0x00000000e0000000, 0x00000000eb500000, 0x0000000100000000)
  eden space 113152K, 0% used [0x00000000e0000000,0x00000000e0000000,0x00000000e6e80000)
  from space 11264K, 99% used [0x00000000e6e80000,0x00000000e797f660,0x00000000e7980000)
  to   space 12800K, 0% used [0x00000000ea880000,0x00000000ea880000,0x00000000eb500000)
 ParOldGen       total 54784K, used 8674K [0x00000000a0000000, 0x00000000a3580000, 0x00000000e0000000)
  object space 54784K, 15% used [0x00000000a0000000,0x00000000a0878820,0x00000000a3580000)
 Metaspace       used 34660K, capacity 35404K, committed 35496K, reserved 1079296K
  class space    used 4849K, capacity 5127K, committed 5168K, reserved 1048576K
Event: 7.479 GC heap after
Heap after GC invocations=11 (full 2):
 PSYoungGen      total 124416K, used 0K [0x00000000e0000000, 0x00000000eb500000, 0x0000000100000000)
  eden space 113152K, 0% used [0x00000000e0000000,0x00000000e0000000,0x00000000e6e80000)
  from space 11264K, 0% used [0x00000000e6e80000,0x00000000e6e80000,0x00000000e7980000)
  to   space 12800K, 0% used [0x00000000ea880000,0x00000000ea880000,0x00000000eb500000)
 ParOldGen       total 82432K, used 19137K [0x00000000a0000000, 0x00000000a5080000, 0x00000000e0000000)
  object space 82432K, 23% used [0x00000000a0000000,0x00000000a12b0418,0x00000000a5080000)
 Metaspace       used 34660K, capacity 35404K, committed 35496K, reserved 1079296K
  class space    used 4849K, capacity 5127K, committed 5168K, reserved 1048576K
}
Event: 9.057 GC heap before
{Heap before GC invocations=12 (full 2):
 PSYoungGen      total 124416K, used 113152K [0x00000000e0000000, 0x00000000eb500000, 0x0000000100000000)
  eden space 113152K, 100% used [0x00000000e0000000,0x00000000e6e80000,0x00000000e6e80000)
  from space 11264K, 0% used [0x00000000e6e80000,0x00000000e6e80000,0x00000000e7980000)
  to   space 12800K, 0% used [0x00000000ea880000,0x00000000ea880000,0x00000000eb500000)
 ParOldGen       total 82432K, used 19137K [0x00000000a0000000, 0x00000000a5080000, 0x00000000e0000000)
  object space 82432K, 23% used [0x00000000a0000000,0x00000000a12b0418,0x00000000a5080000)
 Metaspace       used 44283K, capacity 45330K, committed 45616K, reserved 1089536K
  class space    used 6024K, capacity 6351K, committed 6448K, reserved 1048576K
Event: 9.098 GC heap after
Heap after GC invocations=12 (full 2):
 PSYoungGen      total 167424K, used 12780K [0x00000000e0000000, 0x00000000eb500000, 0x0000000100000000)
  eden space 154624K, 0% used [0x00000000e0000000,0x00000000e0000000,0x00000000e9700000)
  from space 12800K, 99% used [0x00000000ea880000,0x00000000eb4fb120,0x00000000eb500000)
  to   space 15360K, 0% used [0x00000000e9700000,0x00000000e9700000,0x00000000ea600000)
 ParOldGen       total 82432K, used 21813K [0x00000000a0000000, 0x00000000a5080000, 0x00000000e0000000)
  object space 82432K, 26% used [0x00000000a0000000,0x00000000a154d460,0x00000000a5080000)
 Metaspace       used 44283K, capacity 45330K, committed 45616K, reserved 1089536K
  class space    used 6024K, capacity 6351K, committed 6448K, reserved 1048576K
}
Event: 11.553 GC heap before
{Heap before GC invocations=13 (full 2):
 PSYoungGen      total 167424K, used 167404K [0x00000000e0000000, 0x00000000eb500000, 0x0000000100000000)
  eden space 154624K, 100% used [0x00000000e0000000,0x00000000e9700000,0x00000000e9700000)
  from space 12800K, 99% used [0x00000000ea880000,0x00000000eb4fb120,0x00000000eb500000)
  to   space 15360K, 0% used [0x00000000e9700000,0x00000000e9700000,0x00000000ea600000)
 ParOldGen       total 82432K, used 21813K [0x00000000a0000000, 0x00000000a5080000, 0x00000000e0000000)
  object space 82432K, 26% used [0x00000000a0000000,0x00000000a154d460,0x00000000a5080000)
 Metaspace       used 56363K, capacity 58226K, committed 58544K, reserved 1099776K
  class space    used 7799K, capacity 8265K, committed 8368K, reserved 1048576K
Event: 11.605 GC heap after
Heap after GC invocations=13 (full 2):
 PSYoungGen      total 169984K, used 14665K [0x00000000e0000000, 0x00000000eb500000, 0x0000000100000000)
  eden space 154624K, 0% used [0x00000000e0000000,0x00000000e0000000,0x00000000e9700000)
  from space 15360K, 95% used [0x00000000e9700000,0x00000000ea552560,0x00000000ea600000)
  to   space 12800K, 0% used [0x00000000ea880000,0x00000000ea880000,0x00000000eb500000)
 ParOldGen       total 82432K, used 30453K [0x00000000a0000000, 0x00000000a5080000, 0x00000000e0000000)
  object space 82432K, 36% used [0x00000000a0000000,0x00000000a1dbd608,0x00000000a5080000)
 Metaspace       used 56363K, capacity 58226K, committed 58544K, reserved 1099776K
  class space    used 7799K, capacity 8265K, committed 8368K, reserved 1048576K
}

