# JRE version: OpenJDK Runtime Environment (8.0_212-b04) (build 1.8.0_212-release-1586-b04)
# Java VM: OpenJDK 64-Bit Server VM (25.212-b04 mixed mode windows-amd64 compressed oops)
Heap:
 PSYoungGen      total 159232K, used 45626K [0x00000000e0000000, 0x00000000eb680000, 0x0000000100000000)
  eden space 146432K, 31% used [0x00000000e0000000,0x00000000e2c8ea10,0x00000000e8f00000)
  from space 12800K, 0% used [0x00000000eaa00000,0x00000000eaa00000,0x00000000eb680000)
  to   space 15360K, 0% used [0x00000000e9880000,0x00000000e9880000,0x00000000ea780000)
 ParOldGen       total 85504K, used 34800K [0x00000000a0000000, 0x00000000a5380000, 0x00000000e0000000)
  object space 85504K, 40% used [0x00000000a0000000,0x00000000a21fc398,0x00000000a5380000)
 Metaspace       used 58675K, capacity 60638K, committed 60848K, reserved 1101824K
  class space    used 8092K, capacity 8622K, committed 8624K, reserved 1048576K
GC Heap History (10 events):
Event: 6.997 GC heap before
{Heap before GC invocations=11 (full 2):
 PSYoungGen      total 124416K, used 11251K [0x00000000e0000000, 0x00000000eb680000, 0x0000000100000000)
  eden space 113152K, 0% used [0x00000000e0000000,0x00000000e0000000,0x00000000e6e80000)
  from space 11264K, 99% used [0x00000000e6e80000,0x00000000e797cd48,0x00000000e7980000)
  to   space 12800K, 0% used [0x00000000eaa00000,0x00000000eaa00000,0x00000000eb680000)
 ParOldGen       total 54784K, used 8646K [0x00000000a0000000, 0x00000000a3580000, 0x00000000e0000000)
  object space 54784K, 15% used [0x00000000a0000000,0x00000000a0871bb0,0x00000000a3580000)
 Metaspace       used 34686K, capacity 35404K, committed 35496K, reserved 1079296K
  class space    used 4852K, capacity 5127K, committed 5168K, reserved 1048576K
Event: 7.131 GC heap after
Heap after GC invocations=11 (full 2):
 PSYoungGen      total 124416K, used 0K [0x00000000e0000000, 0x00000000eb680000, 0x0000000100000000)
  eden space 113152K, 0% used [0x00000000e0000000,0x00000000e0000000,0x00000000e6e80000)
  from space 11264K, 0% used [0x00000000e6e80000,0x00000000e6e80000,0x00000000e7980000)
  to   space 12800K, 0% used [0x00000000eaa00000,0x00000000eaa00000,0x00000000eb680000)
 ParOldGen       total 85504K, used 19136K [0x00000000a0000000, 0x00000000a5380000, 0x00000000e0000000)
  object space 85504K, 22% used [0x00000000a0000000,0x00000000a12b0368,0x00000000a5380000)
 Metaspace       used 34686K, capacity 35404K, committed 35496K, reserved 1079296K
  class space    used 4852K, capacity 5127K, committed 5168K, reserved 1048576K
}
Event: 9.272 GC heap before
{Heap before GC invocations=12 (full 2):
 PSYoungGen      total 124416K, used 113152K [0x00000000e0000000, 0x00000000eb680000, 0x0000000100000000)
  eden space 113152K, 100% used [0x00000000e0000000,0x00000000e6e80000,0x00000000e6e80000)
  from space 11264K, 0% used [0x00000000e6e80000,0x00000000e6e80000,0x00000000e7980000)
  to   space 12800K, 0% used [0x00000000eaa00000,0x00000000eaa00000,0x00000000eb680000)
 ParOldGen       total 85504K, used 19136K [0x00000000a0000000, 0x00000000a5380000, 0x00000000e0000000)
  object space 85504K, 22% used [0x00000000a0000000,0x00000000a12b0368,0x00000000a5380000)
 Metaspace       used 44339K, capacity 45334K, committed 45616K, reserved 1089536K
  class space    used 6027K, capacity 6351K, committed 6448K, reserved 1048576K
Event: 9.293 GC heap after
Heap after GC invocations=12 (full 2):
 PSYoungGen      total 159232K, used 12797K [0x00000000e0000000, 0x00000000eb680000, 0x0000000100000000)
  eden space 146432K, 0% used [0x00000000e0000000,0x00000000e0000000,0x00000000e8f00000)
  from space 12800K, 99% used [0x00000000eaa00000,0x00000000eb67f4b0,0x00000000eb680000)
  to   space 15360K, 0% used [0x00000000e9880000,0x00000000e9880000,0x00000000ea780000)
 ParOldGen       total 85504K, used 21838K [0x00000000a0000000, 0x00000000a5380000, 0x00000000e0000000)
  object space 85504K, 25% used [0x00000000a0000000,0x00000000a1553ac0,0x00000000a5380000)
 Metaspace       used 44339K, capacity 45334K, committed 45616K, reserved 1089536K
  class space    used 6027K, capacity 6351K, committed 6448K, reserved 1048576K
}
Event: 11.771 GC heap before
{Heap before GC invocations=13 (full 2):
 PSYoungGen      total 159232K, used 159229K [0x00000000e0000000, 0x00000000eb680000, 0x0000000100000000)
  eden space 146432K, 100% used [0x00000000e0000000,0x00000000e8f00000,0x00000000e8f00000)
  from space 12800K, 99% used [0x00000000eaa00000,0x00000000eb67f4b0,0x00000000eb680000)
  to   space 15360K, 0% used [0x00000000e9880000,0x00000000e9880000,0x00000000ea780000)
 ParOldGen       total 85504K, used 21838K [0x00000000a0000000, 0x00000000a5380000, 0x00000000e0000000)
  object space 85504K, 25% used [0x00000000a0000000,0x00000000a1553ac0,0x00000000a5380000)
 Metaspace       used 56028K, capacity 57900K, committed 58160K, reserved 1099776K
  class space    used 7732K, capacity 8200K, committed 8240K, reserved 1048576K
Event: 11.859 GC heap after
Heap after GC invocations=13 (full 2):
 PSYoungGen      total 161792K, used 14123K [0x00000000e0000000, 0x00000000eb680000, 0x0000000100000000)
  eden space 146432K, 0% used [0x00000000e0000000,0x00000000e0000000,0x00000000e8f00000)
  from space 15360K, 91% used [0x00000000e9880000,0x00000000ea64ae48,0x00000000ea780000)
  to   space 12800K, 0% used [0x00000000eaa00000,0x00000000eaa00000,0x00000000eb680000)
 ParOldGen       total 85504K, used 30557K [0x00000000a0000000, 0x00000000a5380000, 0x00000000e0000000)
  object space 85504K, 35% used [0x00000000a0000000,0x00000000a1dd74a8,0x00000000a5380000)
 Metaspace       used 56028K, capacity 57900K, committed 58160K, reserved 1099776K
  class space    used 7732K, capacity 8200K, committed 8240K, reserved 1048576K
}
Event: 12.238 GC heap before
{Heap before GC invocations=14 (full 2):
 PSYoungGen      total 161792K, used 39920K [0x00000000e0000000, 0x00000000eb680000, 0x0000000100000000)
  eden space 146432K, 17% used [0x00000000e0000000,0x00000000e19314a8,0x00000000e8f00000)
  from space 15360K, 91% used [0x00000000e9880000,0x00000000ea64ae48,0x00000000ea780000)
  to   space 12800K, 0% used [0x00000000eaa00000,0x00000000eaa00000,0x00000000eb680000)
 ParOldGen       total 85504K, used 30557K [0x00000000a0000000, 0x00000000a5380000, 0x00000000e0000000)
  object space 85504K, 35% used [0x00000000a0000000,0x00000000a1dd74a8,0x00000000a5380000)
 Metaspace       used 57139K, capacity 59028K, committed 59160K, reserved 1099776K
  class space    used 7894K, capacity 8342K, committed 8368K, reserved 1048576K
Event: 12.258 GC heap after
Heap after GC invocations=14 (full 2):
 PSYoungGen      total 159232K, used 2299K [0x00000000e0000000, 0x00000000eb680000, 0x0000000100000000)
  eden space 146432K, 0% used [0x00000000e0000000,0x00000000e0000000,0x00000000e8f00000)
  from space 12800K, 17% used [0x00000000eaa00000,0x00000000eac3ece0,0x00000000eb680000)
  to   space 15360K, 0% used [0x00000000e9880000,0x00000000e9880000,0x00000000ea780000)
 ParOldGen       total 85504K, used 38197K [0x00000000a0000000, 0x00000000a5380000, 0x00000000e0000000)
  object space 85504K, 44% used [0x00000000a0000000,0x00000000a254d770,0x00000000a5380000)
 Metaspace       used 57139K, capacity 59028K, committed 59160K, reserved 1099776K
  class space    used 7894K, capacity 8342K, committed 8368K, reserved 1048576K
}
Event: 12.258 GC heap before
{Heap before GC invocations=15 (full 3):
 PSYoungGen      total 159232K, used 2299K [0x00000000e0000000, 0x00000000eb680000, 0x0000000100000000)
  eden space 146432K, 0% used [0x00000000e0000000,0x00000000e0000000,0x00000000e8f00000)
  from space 12800K, 17% used [0x00000000eaa00000,0x00000000eac3ece0,0x00000000eb680000)
  to   space 15360K, 0% used [0x00000000e9880000,0x00000000e9880000,0x00000000ea780000)
 ParOldGen       total 85504K, used 38197K [0x00000000a0000000, 0x00000000a5380000, 0x00000000e0000000)
  object space 85504K, 44% used [0x00000000a0000000,0x00000000a254d770,0x00000000a5380000)
 Metaspace       used 57139K, capacity 59028K, committed 59160K, reserved 1099776K
  class space    used 7894K, capacity 8342K, committed 8368K, reserved 1048576K
Event: 12.520 GC heap after
Heap after GC invocations=15 (full 3):
 PSYoungGen      total 159232K, used 0K [0x00000000e0000000, 0x00000000eb680000, 0x0000000100000000)
  eden space 146432K, 0% used [0x00000000e0000000,0x00000000e0000000,0x00000000e8f00000)
  from space 12800K, 0% used [0x00000000eaa00000,0x00000000eaa00000,0x00000000eb680000)
  to   space 15360K, 0% used [0x00000000e9880000,0x00000000e9880000,0x00000000ea780000)
 ParOldGen       total 85504K, used 34800K [0x00000000a0000000, 0x00000000a5380000, 0x00000000e0000000)
  object space 85504K, 40% used [0x00000000a0000000,0x00000000a21fc398,0x00000000a5380000)
 Metaspace       used 57139K, capacity 59028K, committed 59160K, reserved 1099776K
  class space    used 7894K, capacity 8342K, committed 8368K, reserved 1048576K
}

